<?xml version="1.0" encoding="UTF-8"?>
<testng-results ignored="0" total="2" passed="2" failed="0" skipped="0">
  <reporter-output>
  </reporter-output>
  <suite started-at="2023-05-15T14:44:40Z" name="Default suite" finished-at="2023-05-15T14:44:50Z" duration-ms="10720">
    <groups>
    </groups>
    <test started-at="2023-05-15T14:44:40Z" name="Default test" finished-at="2023-05-15T14:44:50Z" duration-ms="10720">
      <class name="q5.TestClass">
        <test-method is-config="true" signature="launchBrowser()[pri:0, instance:q5.TestClass@46b61c56]" started-at="2023-05-15T14:44:40Z" name="launchBrowser" finished-at="2023-05-15T14:44:44Z" duration-ms="4145" status="PASS">
          <reporter-output>
          </reporter-output>
        </test-method> <!-- launchBrowser -->
        <test-method signature="searchFlights()[pri:0, instance:q5.TestClass@46b61c56]" started-at="2023-05-15T14:44:44Z" name="searchFlights" finished-at="2023-05-15T14:44:47Z" duration-ms="2933" status="PASS">
          <reporter-output>
          </reporter-output>
        </test-method> <!-- searchFlights -->
        <test-method is-config="true" signature="quitBrowser()[pri:0, instance:q5.TestClass@46b61c56]" started-at="2023-05-15T14:44:47Z" name="quitBrowser" finished-at="2023-05-15T14:44:47Z" duration-ms="275" status="PASS">
          <reporter-output>
          </reporter-output>
        </test-method> <!-- quitBrowser -->
        <test-method is-config="true" signature="launchBrowser()[pri:0, instance:q5.TestClass@46b61c56]" started-at="2023-05-15T14:44:47Z" name="launchBrowser" finished-at="2023-05-15T14:44:50Z" duration-ms="3051" status="PASS">
          <reporter-output>
          </reporter-output>
        </test-method> <!-- launchBrowser -->
        <test-method signature="verifyLogo()[pri:0, instance:q5.TestClass@46b61c56]" started-at="2023-05-15T14:44:50Z" name="verifyLogo" finished-at="2023-05-15T14:44:50Z" duration-ms="42" status="PASS">
          <reporter-output>
          </reporter-output>
        </test-method> <!-- verifyLogo -->
        <test-method is-config="true" signature="quitBrowser()[pri:0, instance:q5.TestClass@46b61c56]" started-at="2023-05-15T14:44:50Z" name="quitBrowser" finished-at="2023-05-15T14:44:50Z" duration-ms="250" status="PASS">
          <reporter-output>
          </reporter-output>
        </test-method> <!-- quitBrowser -->
      </class> <!-- q5.TestClass -->
    </test> <!-- Default test -->
  </suite> <!-- Default suite -->
</testng-results>
